<?xml version="1.0" encoding="UTF-8"?>
<!-- Generated by org.testng.reporters.JUnitReportReporter -->
<testsuite skipped="0" hostname="DESKTOP-IL30J0Q" name="com.inetBanking.testCases.Tc_Login_001" tests="1" failures="0" timestamp="07 Feb 2022 16:07:26 GMT" time="8.620" errors="0">
  <testcase name="loginTest" time="8.620" classname="com.inetBanking.testCases.Tc_Login_001"/>
</testsuite> <!-- com.inetBanking.testCases.Tc_Login_001 -->
