<?xml version="1.0" encoding="UTF-8"?>
<!-- Generated by org.testng.reporters.JUnitReportReporter -->
<testsuite skipped="0" hostname="DESKTOP-IL30J0Q" name="com.inetBanking.testCases.Tc_AddNewCustomer_003" tests="1" failures="0" timestamp="11 Feb 2022 18:27:53 GMT" time="27.406" errors="0">
  <testcase name="addNewCustomer" time="27.406" classname="com.inetBanking.testCases.Tc_AddNewCustomer_003"/>
</testsuite> <!-- com.inetBanking.testCases.Tc_AddNewCustomer_003 -->
